Performing C++ SOURCE FILE Test COMPILER_SUPPORTS_CXX23 succeeded with the following output:
Change Dir: D:/1236/projects/QDecimall/build/Windows/CMakeFiles/CMakeTmp

Run Build Command(s):C:/Qt/Tools/Ninja/ninja.exe cmTC_886a7 && [1/2] Building CXX object CMakeFiles/cmTC_886a7.dir/src.cxx.obj
[2/2] Linking CXX executable cmTC_886a7.exe


Source file was:
int main() { return 0; }
Performing C++ SOURCE FILE Test COMPILER_SUPPORTS_CXX20 succeeded with the following output:
Change Dir: D:/1236/projects/QDecimall/build/Windows/CMakeFiles/CMakeTmp

Run Build Command(s):C:/Qt/Tools/Ninja/ninja.exe cmTC_6f6bb && [1/2] Building CXX object CMakeFiles/cmTC_6f6bb.dir/src.cxx.obj
[2/2] Linking CXX executable cmTC_6f6bb.exe


Source file was:
int main() { return 0; }
Performing C++ SOURCE FILE Test COMPILER_SUPPORTS_CXX17 succeeded with the following output:
Change Dir: D:/1236/projects/QDecimall/build/Windows/CMakeFiles/CMakeTmp

Run Build Command(s):C:/Qt/Tools/Ninja/ninja.exe cmTC_53d0c && [1/2] Building CXX object CMakeFiles/cmTC_53d0c.dir/src.cxx.obj
[2/2] Linking CXX executable cmTC_53d0c.exe


Source file was:
int main() { return 0; }
Performing C++ SOURCE FILE Test COMPILER_SUPPORTS_CXX14 succeeded with the following output:
Change Dir: D:/1236/projects/QDecimall/build/Windows/CMakeFiles/CMakeTmp

Run Build Command(s):C:/Qt/Tools/Ninja/ninja.exe cmTC_8dd6b && [1/2] Building CXX object CMakeFiles/cmTC_8dd6b.dir/src.cxx.obj
[2/2] Linking CXX executable cmTC_8dd6b.exe


Source file was:
int main() { return 0; }
Performing C++ SOURCE FILE Test COMPILER_SUPPORTS_CXX11 succeeded with the following output:
Change Dir: D:/1236/projects/QDecimall/build/Windows/CMakeFiles/CMakeTmp

Run Build Command(s):C:/Qt/Tools/Ninja/ninja.exe cmTC_e8ff3 && [1/2] Building CXX object CMakeFiles/cmTC_e8ff3.dir/src.cxx.obj
[2/2] Linking CXX executable cmTC_e8ff3.exe


Source file was:
int main() { return 0; }
Performing C++ SOURCE FILE Test COMPILER_SUPPORTS_CXX0X succeeded with the following output:
Change Dir: D:/1236/projects/QDecimall/build/Windows/CMakeFiles/CMakeTmp

Run Build Command(s):C:/Qt/Tools/Ninja/ninja.exe cmTC_73784 && [1/2] Building CXX object CMakeFiles/cmTC_73784.dir/src.cxx.obj
[2/2] Linking CXX executable cmTC_73784.exe


Source file was:
int main() { return 0; }
Performing C++ SOURCE FILE Test CMAKE_HAVE_LIBC_PTHREAD succeeded with the following output:
Change Dir: D:/1236/projects/QDecimall/build/Windows/CMakeFiles/CMakeTmp

Run Build Command(s):C:/Qt/Tools/Ninja/ninja.exe cmTC_c8b78 && [1/2] Building CXX object CMakeFiles/cmTC_c8b78.dir/src.cxx.obj
[2/2] Linking CXX executable cmTC_c8b78.exe


Source file was:
#include <pthread.h>

static void* test_func(void* data)
{
  return data;
}

int main(void)
{
  pthread_t thread;
  pthread_create(&thread, NULL, test_func, NULL);
  pthread_detach(thread);
  pthread_cancel(thread);
  pthread_join(thread, NULL);
  pthread_atfork(NULL, NULL, NULL);
  pthread_exit(NULL);

  return 0;
}

Performing C++ SOURCE FILE Test HAVE_STDATOMIC succeeded with the following output:
Change Dir: D:/1236/projects/QDecimall/build/Windows/CMakeFiles/CMakeTmp

Run Build Command(s):C:/Qt/Tools/Ninja/ninja.exe cmTC_95247 && [1/2] Building CXX object CMakeFiles/cmTC_95247.dir/src.cxx.obj
[2/2] Linking CXX executable cmTC_95247.exe


Source file was:
#include <atomic>
#include <cstdint>

int main(int, char **)
{
    volatile std::atomic<char>    size_1;
    volatile std::atomic<short>   size_2;
    volatile std::atomic<int>     size_4;
    volatile std::atomic<int64_t> size_8;

    ++size_1;
    ++size_2;
    ++size_4;
    ++size_8;

    (void)size_1.load(std::memory_order_relaxed);
    (void)size_2.load(std::memory_order_relaxed);
    (void)size_4.load(std::memory_order_relaxed);
    (void)size_8.load(std::memory_order_relaxed);

    return 0;
}
